<?xml version="1.0" encoding="UTF-8" ?>
<testsuite tests="4" failures="0" name="es.formacion.cip.interfaces.OperacionesIT" time="0.032" errors="4" skipped="0">
  <properties>
[...]
</properties>
  <testcase classname="es.formacion.cip.interfaces.OperacionesIT" name="testMultiplicar" time="0.032">
    <error message="es/formacion/cip/interfaces/Operaciones" type="java.lang.NoClassDefFoundError">java.lang.NoClassDefFoundError: es/formacion/cip/interfaces/Operaciones
	at es.formacion.cip.interfaces.OperacionesIT.testMultiplicar(OperacionesIT.java:71)
Caused by: java.lang.ClassNotFoundException: es.formacion.cip.interfaces.Operaciones
	at java.net.URLClassLoader.findClass(URLClassLoader.java:381)
	at java.lang.ClassLoader.loadClass(ClassLoader.java:424)
	at sun.misc.Launcher$AppClassLoader.loadClass(Launcher.java:331)
	at java.lang.ClassLoader.loadClass(ClassLoader.java:357)
	... 29 more
</error>
    <system-out>multiplicar
</system-out>
  </testcase>
  <testcase classname="es.formacion.cip.interfaces.OperacionesIT" name="testSuma" time="0">
    <error message="es/formacion/cip/interfaces/Operaciones" type="java.lang.NoClassDefFoundError">java.lang.NoClassDefFoundError: es/formacion/cip/interfaces/Operaciones
	at es.formacion.cip.interfaces.OperacionesIT.testSuma(OperacionesIT.java:29)
</error>
    <system-out>suma
</system-out>
  </testcase>
  <testcase classname="es.formacion.cip.interfaces.OperacionesIT" name="testDividir" time="0">
    <error message="es/formacion/cip/interfaces/Operaciones" type="java.lang.NoClassDefFoundError">java.lang.NoClassDefFoundError: es/formacion/cip/interfaces/Operaciones
	at es.formacion.cip.interfaces.OperacionesIT.testDividir(OperacionesIT.java:43)
</error>
    <system-out>dividir
</system-out>
  </testcase>
  <testcase classname="es.formacion.cip.interfaces.OperacionesIT" name="testRestar" time="0">
    <error message="es/formacion/cip/interfaces/Operaciones" type="java.lang.NoClassDefFoundError">java.lang.NoClassDefFoundError: es/formacion/cip/interfaces/Operaciones
	at es.formacion.cip.interfaces.OperacionesIT.testRestar(OperacionesIT.java:57)
</error>
    <system-out>restar
</system-out>
  </testcase>
</testsuite>